This is pdfTeX, Version 3.14159265-2.6-1.40.15 (TeX Live 2014) (preloaded format=pdflatex 2015.1.24)  28 APR 2015 21:40
entering extended mode
 restricted \write18 enabled.
 %&-line parsing enabled.
**/Users/user/dmc2015/ian/coupon_and_basketValue.tex
(/Users/user/dmc2015/ian/coupon_and_basketValue.tex
LaTeX2e <2014/05/01>
Babel <3.9k> and hyphenation patterns for 21 languages loaded.
(/usr/local/texlive/2014basic/texmf-dist/tex/latex/base/article.cls
Document Class: article 2007/10/19 v1.4h Standard LaTeX document class
(/usr/local/texlive/2014basic/texmf-dist/tex/latex/base/size10.clo
File: size10.clo 2007/10/19 v1.4h Standard LaTeX file (size option)
)
\c@part=\count79
\c@section=\count80
\c@subsection=\count81
\c@subsubsection=\count82
\c@paragraph=\count83
\c@subparagraph=\count84
\c@figure=\count85
\c@table=\count86
\abovecaptionskip=\skip41
\belowcaptionskip=\skip42
\bibindent=\dimen102
)
(/usr/local/texlive/2014basic/texmf-dist/tex/latex/graphics/graphicx.sty
Package: graphicx 2014/04/25 v1.0g Enhanced LaTeX Graphics (DPC,SPQR)

(/usr/local/texlive/2014basic/texmf-dist/tex/latex/graphics/keyval.sty
Package: keyval 2014/05/08 v1.15 key=value parser (DPC)
\KV@toks@=\toks14
)
(/usr/local/texlive/2014basic/texmf-dist/tex/latex/graphics/graphics.sty
Package: graphics 2009/02/05 v1.0o Standard LaTeX Graphics (DPC,SPQR)

(/usr/local/texlive/2014basic/texmf-dist/tex/latex/graphics/trig.sty
Package: trig 1999/03/16 v1.09 sin cos tan (DPC)
)
(/usr/local/texlive/2014basic/texmf-dist/tex/latex/latexconfig/graphics.cfg
File: graphics.cfg 2010/04/23 v1.9 graphics configuration of TeX Live
)
Package graphics Info: Driver file: pdftex.def on input line 91.

(/usr/local/texlive/2014basic/texmf-dist/tex/latex/pdftex-def/pdftex.def
File: pdftex.def 2011/05/27 v0.06d Graphics/color for pdfTeX

(/usr/local/texlive/2014basic/texmf-dist/tex/generic/oberdiek/infwarerr.sty
Package: infwarerr 2010/04/08 v1.3 Providing info/warning/error messages (HO)
)
(/usr/local/texlive/2014basic/texmf-dist/tex/generic/oberdiek/ltxcmds.sty
Package: ltxcmds 2011/11/09 v1.22 LaTeX kernel commands for general use (HO)
)
\Gread@gobject=\count87
))
\Gin@req@height=\dimen103
\Gin@req@width=\dimen104
)
(/usr/local/texlive/2014basic/texmf-dist/tex/latex/xcolor/xcolor.sty
Package: xcolor 2007/01/21 v2.11 LaTeX color extensions (UK)

(/usr/local/texlive/2014basic/texmf-dist/tex/latex/latexconfig/color.cfg
File: color.cfg 2007/01/18 v1.5 color configuration of teTeX/TeXLive
)
Package xcolor Info: Driver file: pdftex.def on input line 225.
Package xcolor Info: Model `cmy' substituted by `cmy0' on input line 1337.
Package xcolor Info: Model `hsb' substituted by `rgb' on input line 1341.
Package xcolor Info: Model `RGB' extended on input line 1353.
Package xcolor Info: Model `HTML' substituted by `rgb' on input line 1355.
Package xcolor Info: Model `Hsb' substituted by `hsb' on input line 1356.
Package xcolor Info: Model `tHsb' substituted by `hsb' on input line 1357.
Package xcolor Info: Model `HSB' substituted by `hsb' on input line 1358.
Package xcolor Info: Model `Gray' substituted by `gray' on input line 1359.
Package xcolor Info: Model `wave' substituted by `hsb' on input line 1360.
)
(/usr/local/texlive/2014basic/texmf-dist/tex/latex/framed/framed.sty
Package: framed 2011/10/22 v 0.96: framed or shaded text with page breaks
\OuterFrameSep=\skip43
\fb@frw=\dimen105
\fb@frh=\dimen106
\FrameRule=\dimen107
\FrameSep=\dimen108
)
(/usr/local/texlive/2014basic/texmf-dist/tex/latex/base/alltt.sty
Package: alltt 1997/06/16 v2.0g defines alltt environment
)
(./coupon_and_basketValue.aux)
\openout1 = `coupon_and_basketValue.aux'.

LaTeX Font Info:    Checking defaults for OML/cmm/m/it on input line 53.
LaTeX Font Info:    ... okay on input line 53.
LaTeX Font Info:    Checking defaults for T1/cmr/m/n on input line 53.
LaTeX Font Info:    ... okay on input line 53.
LaTeX Font Info:    Checking defaults for OT1/cmr/m/n on input line 53.
LaTeX Font Info:    ... okay on input line 53.
LaTeX Font Info:    Checking defaults for OMS/cmsy/m/n on input line 53.
LaTeX Font Info:    ... okay on input line 53.
LaTeX Font Info:    Checking defaults for OMX/cmex/m/n on input line 53.
LaTeX Font Info:    ... okay on input line 53.
LaTeX Font Info:    Checking defaults for U/cmr/m/n on input line 53.
LaTeX Font Info:    ... okay on input line 53.

(/usr/local/texlive/2014basic/texmf-dist/tex/context/base/supp-pdf.mkii
[Loading MPS to PDF converter (version 2006.09.02).]
\scratchcounter=\count88
\scratchdimen=\dimen109
\scratchbox=\box26
\nofMPsegments=\count89
\nofMParguments=\count90
\everyMPshowfont=\toks15
\MPscratchCnt=\count91
\MPscratchDim=\dimen110
\MPnumerator=\count92
\makeMPintoPDFobject=\count93
\everyMPtoPDFconversion=\toks16
) (/usr/local/texlive/2014basic/texmf-dist/tex/generic/oberdiek/pdftexcmds.sty
Package: pdftexcmds 2011/11/29 v0.20 Utility functions of pdfTeX for LuaTeX (HO
)

(/usr/local/texlive/2014basic/texmf-dist/tex/generic/oberdiek/ifluatex.sty
Package: ifluatex 2010/03/01 v1.3 Provides the ifluatex switch (HO)
Package ifluatex Info: LuaTeX not detected.
)
(/usr/local/texlive/2014basic/texmf-dist/tex/generic/oberdiek/ifpdf.sty
Package: ifpdf 2011/01/30 v2.3 Provides the ifpdf switch (HO)
Package ifpdf Info: pdfTeX in PDF mode is detected.
)
Package pdftexcmds Info: LuaTeX not detected.
Package pdftexcmds Info: \pdf@primitive is available.
Package pdftexcmds Info: \pdf@ifprimitive is available.
Package pdftexcmds Info: \pdfdraftmode found.
)
(/usr/local/texlive/2014basic/texmf-dist/tex/latex/oberdiek/epstopdf-base.sty
Package: epstopdf-base 2010/02/09 v2.5 Base part for package epstopdf

(/usr/local/texlive/2014basic/texmf-dist/tex/latex/oberdiek/grfext.sty
Package: grfext 2010/08/19 v1.1 Manage graphics extensions (HO)

(/usr/local/texlive/2014basic/texmf-dist/tex/generic/oberdiek/kvdefinekeys.sty
Package: kvdefinekeys 2011/04/07 v1.3 Define keys (HO)
)) (/usr/local/texlive/2014basic/texmf-dist/tex/latex/oberdiek/kvoptions.sty
Package: kvoptions 2011/06/30 v3.11 Key value format for package options (HO)

(/usr/local/texlive/2014basic/texmf-dist/tex/generic/oberdiek/kvsetkeys.sty
Package: kvsetkeys 2012/04/25 v1.16 Key value parser (HO)

(/usr/local/texlive/2014basic/texmf-dist/tex/generic/oberdiek/etexcmds.sty
Package: etexcmds 2011/02/16 v1.5 Avoid name clashes with e-TeX commands (HO)
Package etexcmds Info: Could not find \expanded.
(etexcmds)             That can mean that you are not using pdfTeX 1.50 or
(etexcmds)             that some package has redefined \expanded.
(etexcmds)             In the latter case, load this package earlier.
)))
Package grfext Info: Graphics extension search list:
(grfext)             [.png,.pdf,.jpg,.mps,.jpeg,.jbig2,.jb2,.PNG,.PDF,.JPG,.JPE
G,.JBIG2,.JB2,.eps]
(grfext)             \AppendGraphicsExtensions on input line 452.

(/usr/local/texlive/2014basic/texmf-dist/tex/latex/latexconfig/epstopdf-sys.cfg
File: epstopdf-sys.cfg 2010/07/13 v1.3 Configuration of (r)epstopdf for TeX Liv
e
))
LaTeX Font Info:    Font shape `OT1/cmtt/bx/n' in size <10> not available
(Font)              Font shape `OT1/cmtt/m/n' tried instead on input line 68.

Overfull \hbox (22.4968pt too wide) in paragraph at lines 68--69
[]\OT1/cmtt/m/n/10 ## Error in makeParent(parenarticletDir = getwd(), overwrite
 = FALSE):
 []


Overfull \hbox (17.24684pt too wide) in paragraph at lines 70--70
[]\OT1/cmtt/m/n/10 ## Error in readLines(parent, warn = FALSE): object 'parent.
file' not
 []

! Undefined control sequence.
l.74 \HWinfo
            {April 27 2015}{}{}
The control sequence at the end of the top line
of your error message was never \def'ed. If you have
misspelled it (e.g., `\hobx'), type `I' and the correct
spelling (e.g., `I\hbox'). Otherwise just continue,
and I'll forget about whatever was undefined.

! Undefined control sequence.
l.75 \titleheaderA
                  {1}
The control sequence at the end of the top line
of your error message was never \def'ed. If you have
misspelled it (e.g., `\hobx'), type `I' and the correct
spelling (e.g., `I\hbox'). Otherwise just continue,
and I'll forget about whatever was undefined.

LaTeX Font Info:    Try loading font information for OMS+cmtt on input line 101
.
LaTeX Font Info:    No file OMScmtt.fd. on input line 101.

LaTeX Font Warning: Font shape `OMS/cmtt/m/n' undefined
(Font)              using `OMS/cmsy/m/n' instead
(Font)              for symbol `textbraceleft' on input line 101.


Overfull \hbox (17.24684pt too wide) in paragraph at lines 117--117
[]   []\OT1/cmtt/m/n/10 featMat[] []=[] []readRDS[][]([][]"~/dmc2015/data/featu
reMatrix/featMat_v1.1.rds"[][])[][] 
 []


Overfull \hbox (32.9967pt too wide) in paragraph at lines 128--128
[]   []\OT1/cmtt/m/n/10 raw.trn[] []=[] []read.csv[][]([][]"~/dmc2015/data/clea
n_data/train_simple_name.csv"[][])[][] 
 []


Overfull \hbox (27.74675pt too wide) in paragraph at lines 129--129
[]   []\OT1/cmtt/m/n/10 raw.cls[] []=[] []read.csv[][]([][]"~/dmc2015/data/clea
n_data/test_simple_name.csv"[][])[][] 
 []

[1

{/usr/local/texlive/2014basic/texmf-var/fonts/map/pdftex/updmap/pdftex.map}]
Overfull \hbox (53.99652pt too wide) in paragraph at lines 157--157
[]   []\OT1/cmtt/m/n/10 stack.res[][]$[][]train[] []=[] []stack.res[][]$[][]tra
in[] []%>%[] []left_join[][](bvalues,[][]by[][]=[][]'basketValue'[][])[][] 
 []

[2] [3]
Overfull \hbox (1.49698pt too wide) in paragraph at lines 233--233
[]        []\OT1/cmtt/m/n/10 summarise[][]([][]varname[] []=[] []paste[][](var,
couponUsed,[][]sep[][]=[][]".used"[][]))[] []%>%[][] 
 []

[4]
Overfull \hbox (337.49405pt too wide) in paragraph at lines 248--248
[]   []\OT1/cmtt/m/n/10 statXcoupon1[] []=[] []statXcoupon[] []%>%[] []renm[][]
([][]c[][]([][]"couponID1"[][],[][]paste0[][]([][]names[][](statXcoupon)[[][]wh
ich[][]([][]names[][](statXcoupon)[] []!=[] []"couponID"[][])],[][]'.col1'[][])
))[][] 
 []


Overfull \hbox (337.49405pt too wide) in paragraph at lines 249--249
[]   []\OT1/cmtt/m/n/10 statXcoupon2[] []=[] []statXcoupon[] []%>%[] []renm[][]
([][]c[][]([][]"couponID2"[][],[][]paste0[][]([][]names[][](statXcoupon)[[][]wh
ich[][]([][]names[][](statXcoupon)[] []!=[] []"couponID"[][])],[][]'.col2'[][])
))[][] 
 []


Overfull \hbox (337.49405pt too wide) in paragraph at lines 250--250
[]   []\OT1/cmtt/m/n/10 statXcoupon3[] []=[] []statXcoupon[] []%>%[] []renm[][]
([][]c[][]([][]"couponID3"[][],[][]paste0[][]([][]names[][](statXcoupon)[[][]wh
ich[][]([][]names[][](statXcoupon)[] []!=[] []"couponID"[][])],[][]'.col3'[][])
))[][] 
 []


Overfull \hbox (6.74693pt too wide) in paragraph at lines 252--252
[]   []\OT1/cmtt/m/n/10 trn.col[] []=[] []trn[,[][]c[][]([][]"orderID"[][],[][]
"couponID1"[][],[][]"couponID2"[][],[][]"couponID3"[][])][][] 
 []


Overfull \hbox (127.49588pt too wide) in paragraph at lines 257--257
[]   []\OT1/cmtt/m/n/10 saveRDS[][](trn.col,[][]file[][]=[][]"../features/featu
re_files/coupon_basket_stats_train_byorder.rds"[][])[][] 
 []


Overfull \hbox (316.49423pt too wide) in paragraph at lines 258--258
[]   []\OT1/cmtt/m/n/10 write.csv[][](trn.col,[][]file[][]=[][]"../features/fea
ture_files/coupon_basket_stats_train_byorder.csv"[][],[][]quote[][]=[][]FALSE[]
[],[][]na[][]=[][]""[][],[][]row.names[][]=[][]FALSE[][])[][] 
 []


Overfull \hbox (6.74693pt too wide) in paragraph at lines 260--260
[]   []\OT1/cmtt/m/n/10 cls.col[] []=[] []cls[,[][]c[][]([][]"orderID"[][],[][]
"couponID1"[][],[][]"couponID2"[][],[][]"couponID3"[][])][][] 
 []


Overfull \hbox (127.49588pt too wide) in paragraph at lines 265--265
[]   []\OT1/cmtt/m/n/10 saveRDS[][](cls.col,[][]file[][]=[][]"../features/featu
re_files/coupon_basket_stats_class_byorder.rds"[][])[][] 
 []


Overfull \hbox (316.49423pt too wide) in paragraph at lines 266--266
[]   []\OT1/cmtt/m/n/10 write.csv[][](cls.col,[][]file[][]=[][]"../features/fea
ture_files/coupon_basket_stats_class_byorder.csv"[][],[][]quote[][]=[][]FALSE[]
[],[][]na[][]=[][]""[][],[][]row.names[][]=[][]FALSE[][])[][] 
 []

[5] (./coupon_and_basketValue.aux)

LaTeX Font Warning: Some font shapes were not available, defaults substituted.

 ) 
Here is how much of TeX's memory you used:
 2023 strings out of 494522
 28159 string characters out of 6167205
 94865 words of memory out of 5000000
 5284 multiletter control sequences out of 15000+600000
 4581 words of font info for 18 fonts, out of 8000000 for 9000
 319 hyphenation exceptions out of 8191
 38i,5n,35p,1240b,283s stack positions out of 5000i,500n,10000p,200000b,80000s
</usr/local/texlive/2014basic/texmf-dist/fonts/type1/public/amsfonts/cm/cmbx1
2.pfb></usr/local/texlive/2014basic/texmf-dist/fonts/type1/public/amsfonts/cm/c
mitt10.pfb></usr/local/texlive/2014basic/texmf-dist/fonts/type1/public/amsfonts
/cm/cmr10.pfb></usr/local/texlive/2014basic/texmf-dist/fonts/type1/public/amsfo
nts/cm/cmsy10.pfb></usr/local/texlive/2014basic/texmf-dist/fonts/type1/public/a
msfonts/cm/cmtt10.pfb>
Output written on coupon_and_basketValue.pdf (5 pages, 72967 bytes).
PDF statistics:
 40 PDF objects out of 1000 (max. 8388607)
 27 compressed objects within 1 object stream
 0 named destinations out of 1000 (max. 500000)
 1 words of extra memory for PDF output out of 10000 (max. 10000000)

